2025-09-29 10:45:58,375 - INFO: Git仓库初始化成功
2025-09-29 10:45:58,375 - INFO: 配置的远程仓库URL: git@github.com:ssLinChen/lite-mutil-task-manager.git
2025-09-29 10:45:58,375 - INFO: 测试SSH连接到: github.com
2025-09-29 10:46:01,664 - INFO: SSH连接测试成功: github.com
2025-09-29 10:46:01,664 - INFO: 检查仓库是否存在: ssLinChen/lite-mutil-task-manager 在 github.com
2025-09-29 10:46:05,430 - INFO: 仓库存在且可访问: git@github.com:ssLinChen/lite-mutil-task-manager.git
2025-09-29 10:46:05,434 - INFO: Git身份设置为: tutu <y80200156@mail.ecust.edu.cn>
2025-09-29 10:46:05,494 - INFO: 已添加所有更改到暂存区
2025-09-29 10:46:05,608 - INFO: 已提交更改: Auto-commit at 2025-09-29 10:46:05
2025-09-29 10:46:05,609 - INFO: 远程仓库URL已正确设置: git@github.com:ssLinChen/lite-mutil-task-manager.git
2025-09-29 10:46:05,609 - INFO: 使用分支: main
2025-09-29 10:46:05,636 - INFO: 本地分支 main 已存在
2025-09-29 10:46:05,637 - INFO: 拉取远程仓库更改...
2025-09-29 10:46:09,496 - INFO: 远程分支 main 存在，执行拉取操作
2025-09-29 10:46:13,316 - INFO: 成功拉取远程更改
2025-09-29 10:46:13,316 - INFO: 开始推送到远程仓库...
2025-09-29 10:46:13,316 - INFO: 使用 --set-upstream 选项推送分支 main
2025-09-29 10:46:17,110 - INFO: 同步成功完成
2025-09-29 10:54:30,281 - INFO: Git仓库初始化成功
2025-09-29 10:54:30,281 - INFO: 配置的远程仓库URL: git@github.com:ssLinChen/lite-mutil-task-manager.git
2025-09-29 10:54:30,282 - INFO: 测试SSH连接到: github.com
